============================= test session starts ==============================
platform linux -- Python 3.12.3, pytest-9.0.3, pluggy-1.6.0 -- /usr/bin/python3
rootdir: /home/kity/oclab/agate/.worktrees/agate-TAG0023
configfile: pyproject.toml
plugins: asyncio-1.3.0, anyio-4.12.1, cov-7.1.0
asyncio: mode=Mode.STRICT, debug=False, asyncio_default_fixture_loop_scope=None, asyncio_default_test_loop_scope=function
collecting ... collected 44 items / 41 deselected / 3 selected

agate/tests/unit/test_check_state_transition.py::test_bdd_2_retreat_p5_to_p4_no_retries_growth_exit_1 PASSED [ 33%]
agate/tests/unit/test_check_state_transition.py::test_bdd_2_retreat_p5_to_p4_retries_growth_exit_0 PASSED [ 66%]
agate/tests/unit/test_check_state_transition.py::test_bdd_2_first_time_retreat_both_sides_empty_retries_exit_1 PASSED [100%]

======================= 3 passed, 41 deselected in 0.50s =======================
