============================= test session starts ==============================
platform linux -- Python 3.12.3, pytest-9.0.3, pluggy-1.6.0 -- /usr/bin/python3
rootdir: /home/kity/oclab/agate/.worktrees/agate-TAG0023
configfile: pyproject.toml
plugins: asyncio-1.3.0, anyio-4.12.1, cov-7.1.0
asyncio: mode=Mode.STRICT, debug=False, asyncio_default_fixture_loop_scope=None, asyncio_default_test_loop_scope=function
collecting ... collected 19 items / 16 deselected / 3 selected

agate/tests/unit/test_check_frontmatter.py::test_cf_8_bdd_12_nesting_deeper_than_3_rejected PASSED [ 33%]
agate/tests/unit/test_check_frontmatter.py::test_bdd_12_missing_required_field_error_includes_fix_hint PASSED [ 66%]
agate/tests/unit/test_check_frontmatter.py::test_bdd_12_invalid_enum_error_includes_fix_hint PASSED [100%]

======================= 3 passed, 16 deselected in 0.11s =======================
