============================= test session starts ==============================
platform linux -- Python 3.12.3, pytest-9.0.3, pluggy-1.6.0 -- /usr/bin/python3
rootdir: /home/kity/oclab/agate/.worktrees/agate-TAG0023
configfile: pyproject.toml
plugins: asyncio-1.3.0, anyio-4.12.1, cov-7.1.0
asyncio: mode=Mode.STRICT, debug=False, asyncio_default_fixture_loop_scope=None, asyncio_default_test_loop_scope=function
collecting ... collected 21 items / 20 deselected / 1 selected

agate/tests/unit/test_agate_render_dispatch_prompt.py::test_bdd_11_dispatch_prompt_declares_write_time_selfcheck_section PASSED [100%]

======================= 1 passed, 20 deselected in 0.03s =======================
