============================= test session starts ==============================
platform linux -- Python 3.12.3, pytest-9.0.3, pluggy-1.6.0 -- /usr/bin/python3
rootdir: /home/kity/oclab/agate/.worktrees/agate-TAG0023
configfile: pyproject.toml
plugins: asyncio-1.3.0, anyio-4.12.1, cov-7.1.0
asyncio: mode=Mode.STRICT, debug=False, asyncio_default_fixture_loop_scope=None, asyncio_default_test_loop_scope=function
collecting ... collected 44 items / 43 deselected / 1 selected

agate/tests/unit/test_check_state_transition.py::test_bdd_4_no_event_empty_retries_exit_0_no_warning PASSED [100%]

======================= 1 passed, 43 deselected in 0.18s =======================
