============================= test session starts ==============================
platform linux -- Python 3.12.3, pytest-9.0.3, pluggy-1.6.0 -- /usr/bin/python3
cachedir: .pytest_cache
rootdir: /home/kity/oclab/agate/.worktrees/agate-TAG0007
configfile: pyproject.toml
plugins: asyncio-1.3.0, anyio-4.12.1, cov-7.1.0
asyncio: mode=Mode.STRICT, debug=False, asyncio_default_fixture_loop_scope=None, asyncio_default_test_loop_scope=function
collecting ... collected 17 items

agate/tests/unit/test_check_gate.py::test_bdd_1_bootstrap_missing_skeleton_exit_1 PASSED [  5%]
agate/tests/unit/test_check_gate.py::test_bdd_1_bootstrap_with_skeleton_title_exit_2 PASSED [ 11%]
agate/tests/unit/test_check_gate.py::test_bdd_3_field_missing_no_regression_exit_2 PASSED [ 17%]
agate/tests/unit/test_check_gate.py::test_bdd_3_established_explicit_no_regression_exit_2 PASSED [ 23%]
agate/tests/unit/test_check_gate.py::test_bdd_4_7_gate_p4_warning_when_table_missing PASSED [ 29%]
agate/tests/unit/test_check_gate.py::test_bdd_4_7_gate_p4_no_warning_when_table_present PASSED [ 35%]
agate/tests/unit/test_check_gate.py::test_bdd_8_9_gate_p7_internal_consistency_mismatch_exit_1 PASSED [ 41%]
agate/tests/unit/test_check_gate.py::test_bdd_8_9_gate_p7_transcription_mismatch_exit_1 PASSED [ 47%]
agate/tests/unit/test_check_gate.py::test_bdd_8_9_gate_p7_paired_matches_exit_0 PASSED [ 52%]
agate/tests/unit/test_check_gate.py::test_bdd_8_9_gate_p7_mechanism_not_adopted_no_check PASSED [ 58%]
agate/tests/unit/test_check_gate.py::test_bdd_10_gate_p4_refactor_not_exempt_warning PASSED [ 64%]
agate/tests/unit/test_check_gate.py::test_bdd_10_gate_p7_refactor_not_exempt_pairing_check PASSED [ 70%]
agate/tests/unit/test_skeleton_template_stack_neutral.py::test_bdd_2_skeleton_template_exists PASSED [ 76%]
agate/tests/unit/test_skeleton_template_stack_neutral.py::test_bdd_2_skeleton_template_no_hardcoded_stack_dirs PASSED [ 82%]
agate/tests/unit/test_skeleton_template_stack_neutral.py::test_bdd_2_skeleton_template_has_parameterization_markers PASSED [ 88%]
agate/tests/unit/test_code_map_template.py::test_bdd_6_code_map_template_exists PASSED [ 94%]
agate/tests/unit/test_code_map_template.py::test_bdd_6_code_map_template_has_five_required_headings PASSED [100%]

============================== 17 passed in 1.56s ==============================
EXIT_CODE: 0
